-- Install configuration: ""
-- Up-to-date: /home/nvidia/f1tenth_ws/src/sensors_bringup/install/sensors_bringup/share/sensors_bringup/config
-- Up-to-date: /home/nvidia/f1tenth_ws/src/sensors_bringup/install/sensors_bringup/share/sensors_bringup/config/ekf.yaml
-- Up-to-date: /home/nvidia/f1tenth_ws/src/sensors_bringup/install/sensors_bringup/share/sensors_bringup/launch
-- Installing: /home/nvidia/f1tenth_ws/src/sensors_bringup/install/sensors_bringup/share/sensors_bringup/launch/sensors_bringup.launch.py
-- Up-to-date: /home/nvidia/f1tenth_ws/src/sensors_bringup/install/sensors_bringup/share/ament_index/resource_index/package_run_dependencies/sensors_bringup
-- Up-to-date: /home/nvidia/f1tenth_ws/src/sensors_bringup/install/sensors_bringup/share/ament_index/resource_index/parent_prefix_path/sensors_bringup
-- Up-to-date: /home/nvidia/f1tenth_ws/src/sensors_bringup/install/sensors_bringup/share/sensors_bringup/environment/ament_prefix_path.sh
-- Up-to-date: /home/nvidia/f1tenth_ws/src/sensors_bringup/install/sensors_bringup/share/sensors_bringup/environment/ament_prefix_path.dsv
-- Up-to-date: /home/nvidia/f1tenth_ws/src/sensors_bringup/install/sensors_bringup/share/sensors_bringup/environment/path.sh
-- Up-to-date: /home/nvidia/f1tenth_ws/src/sensors_bringup/install/sensors_bringup/share/sensors_bringup/environment/path.dsv
-- Up-to-date: /home/nvidia/f1tenth_ws/src/sensors_bringup/install/sensors_bringup/share/sensors_bringup/local_setup.bash
-- Up-to-date: /home/nvidia/f1tenth_ws/src/sensors_bringup/install/sensors_bringup/share/sensors_bringup/local_setup.sh
-- Up-to-date: /home/nvidia/f1tenth_ws/src/sensors_bringup/install/sensors_bringup/share/sensors_bringup/local_setup.zsh
-- Up-to-date: /home/nvidia/f1tenth_ws/src/sensors_bringup/install/sensors_bringup/share/sensors_bringup/local_setup.dsv
-- Installing: /home/nvidia/f1tenth_ws/src/sensors_bringup/install/sensors_bringup/share/sensors_bringup/package.dsv
-- Up-to-date: /home/nvidia/f1tenth_ws/src/sensors_bringup/install/sensors_bringup/share/ament_index/resource_index/packages/sensors_bringup
-- Up-to-date: /home/nvidia/f1tenth_ws/src/sensors_bringup/install/sensors_bringup/share/sensors_bringup/cmake/sensors_bringupConfig.cmake
-- Up-to-date: /home/nvidia/f1tenth_ws/src/sensors_bringup/install/sensors_bringup/share/sensors_bringup/cmake/sensors_bringupConfig-version.cmake
-- Up-to-date: /home/nvidia/f1tenth_ws/src/sensors_bringup/install/sensors_bringup/share/sensors_bringup/package.xml
