[0.026s] Invoking command in '/home/nvidia/f1tenth_ws/src/sensors_bringup/build/sensors_bringup': CMAKE_PREFIX_PATH=${CMAKE_PREFIX_PATH}:/home/nvidia/f1tenth_ws/install/f1tenth_stack:/home/nvidia/f1tenth_ws/install/joy_teleop:/home/nvidia/f1tenth_ws/install/particle_filter:/home/nvidia/f1tenth_ws/install/mouse_teleop:/home/nvidia/f1tenth_ws/install/key_teleop:/opt/ros/humble /usr/bin/cmake --build /home/nvidia/f1tenth_ws/src/sensors_bringup/build/sensors_bringup -- -j6 -l6
[0.112s] Invoked command in '/home/nvidia/f1tenth_ws/src/sensors_bringup/build/sensors_bringup' returned '0': CMAKE_PREFIX_PATH=${CMAKE_PREFIX_PATH}:/home/nvidia/f1tenth_ws/install/f1tenth_stack:/home/nvidia/f1tenth_ws/install/joy_teleop:/home/nvidia/f1tenth_ws/install/particle_filter:/home/nvidia/f1tenth_ws/install/mouse_teleop:/home/nvidia/f1tenth_ws/install/key_teleop:/opt/ros/humble /usr/bin/cmake --build /home/nvidia/f1tenth_ws/src/sensors_bringup/build/sensors_bringup -- -j6 -l6
[0.138s] Invoking command in '/home/nvidia/f1tenth_ws/src/sensors_bringup/build/sensors_bringup': CMAKE_PREFIX_PATH=${CMAKE_PREFIX_PATH}:/home/nvidia/f1tenth_ws/install/f1tenth_stack:/home/nvidia/f1tenth_ws/install/joy_teleop:/home/nvidia/f1tenth_ws/install/particle_filter:/home/nvidia/f1tenth_ws/install/mouse_teleop:/home/nvidia/f1tenth_ws/install/key_teleop:/opt/ros/humble /usr/bin/cmake --install /home/nvidia/f1tenth_ws/src/sensors_bringup/build/sensors_bringup
[0.155s] -- Install configuration: ""
[0.156s] -- Up-to-date: /home/nvidia/f1tenth_ws/src/sensors_bringup/install/sensors_bringup/share/sensors_bringup/config
[0.156s] -- Up-to-date: /home/nvidia/f1tenth_ws/src/sensors_bringup/install/sensors_bringup/share/sensors_bringup/config/ekf.yaml
[0.157s] -- Up-to-date: /home/nvidia/f1tenth_ws/src/sensors_bringup/install/sensors_bringup/share/sensors_bringup/launch
[0.157s] -- Installing: /home/nvidia/f1tenth_ws/src/sensors_bringup/install/sensors_bringup/share/sensors_bringup/launch/sensors_bringup.launch.py
[0.157s] -- Up-to-date: /home/nvidia/f1tenth_ws/src/sensors_bringup/install/sensors_bringup/share/ament_index/resource_index/package_run_dependencies/sensors_bringup
[0.158s] -- Up-to-date: /home/nvidia/f1tenth_ws/src/sensors_bringup/install/sensors_bringup/share/ament_index/resource_index/parent_prefix_path/sensors_bringup
[0.158s] -- Up-to-date: /home/nvidia/f1tenth_ws/src/sensors_bringup/install/sensors_bringup/share/sensors_bringup/environment/ament_prefix_path.sh
[0.158s] -- Up-to-date: /home/nvidia/f1tenth_ws/src/sensors_bringup/install/sensors_bringup/share/sensors_bringup/environment/ament_prefix_path.dsv
[0.158s] -- Up-to-date: /home/nvidia/f1tenth_ws/src/sensors_bringup/install/sensors_bringup/share/sensors_bringup/environment/path.sh
[0.158s] -- Up-to-date: /home/nvidia/f1tenth_ws/src/sensors_bringup/install/sensors_bringup/share/sensors_bringup/environment/path.dsv
[0.159s] -- Up-to-date: /home/nvidia/f1tenth_ws/src/sensors_bringup/install/sensors_bringup/share/sensors_bringup/local_setup.bash
[0.159s] -- Up-to-date: /home/nvidia/f1tenth_ws/src/sensors_bringup/install/sensors_bringup/share/sensors_bringup/local_setup.sh
[0.159s] -- Up-to-date: /home/nvidia/f1tenth_ws/src/sensors_bringup/install/sensors_bringup/share/sensors_bringup/local_setup.zsh
[0.160s] -- Up-to-date: /home/nvidia/f1tenth_ws/src/sensors_bringup/install/sensors_bringup/share/sensors_bringup/local_setup.dsv
[0.161s] -- Installing: /home/nvidia/f1tenth_ws/src/sensors_bringup/install/sensors_bringup/share/sensors_bringup/package.dsv
[0.162s] -- Up-to-date: /home/nvidia/f1tenth_ws/src/sensors_bringup/install/sensors_bringup/share/ament_index/resource_index/packages/sensors_bringup
[0.163s] -- Up-to-date: /home/nvidia/f1tenth_ws/src/sensors_bringup/install/sensors_bringup/share/sensors_bringup/cmake/sensors_bringupConfig.cmake
[0.163s] -- Up-to-date: /home/nvidia/f1tenth_ws/src/sensors_bringup/install/sensors_bringup/share/sensors_bringup/cmake/sensors_bringupConfig-version.cmake
[0.164s] -- Up-to-date: /home/nvidia/f1tenth_ws/src/sensors_bringup/install/sensors_bringup/share/sensors_bringup/package.xml
[0.164s] Invoked command in '/home/nvidia/f1tenth_ws/src/sensors_bringup/build/sensors_bringup' returned '0': CMAKE_PREFIX_PATH=${CMAKE_PREFIX_PATH}:/home/nvidia/f1tenth_ws/install/f1tenth_stack:/home/nvidia/f1tenth_ws/install/joy_teleop:/home/nvidia/f1tenth_ws/install/particle_filter:/home/nvidia/f1tenth_ws/install/mouse_teleop:/home/nvidia/f1tenth_ws/install/key_teleop:/opt/ros/humble /usr/bin/cmake --install /home/nvidia/f1tenth_ws/src/sensors_bringup/build/sensors_bringup
