[0.267s] DEBUG:colcon:Command line arguments: ['/usr/bin/colcon', 'build', '--packages-select', 'sensors_bringup']
[0.267s] DEBUG:colcon:Parsed command line arguments: Namespace(log_base=None, log_level=None, verb_name='build', build_base='build', install_base='install', merge_install=False, symlink_install=False, test_result_base=None, continue_on_error=False, executor='parallel', parallel_workers=6, event_handlers=None, ignore_user_meta=False, metas=['./colcon.meta'], base_paths=['.'], packages_ignore=None, packages_ignore_regex=None, paths=None, packages_up_to=None, packages_up_to_regex=None, packages_above=None, packages_above_and_dependencies=None, packages_above_depth=None, packages_select_by_dep=None, packages_skip_by_dep=None, packages_skip_up_to=None, packages_select_build_failed=False, packages_skip_build_finished=False, packages_select_test_failures=False, packages_skip_test_passed=False, packages_select=['sensors_bringup'], packages_skip=None, packages_select_regex=None, packages_skip_regex=None, packages_start=None, packages_end=None, allow_overriding=[], cmake_args=None, cmake_target=None, cmake_target_skip_unavailable=False, cmake_clean_cache=False, cmake_clean_first=False, cmake_force_configure=False, ament_cmake_args=None, catkin_cmake_args=None, catkin_skip_building_tests=False, mixin_files=None, mixin=None, verb_parser=<colcon_mixin.mixin.mixin_argument.MixinArgumentDecorator object at 0xffff88697850>, verb_extension=<colcon_core.verb.build.BuildVerb object at 0xffff88894760>, main=<bound method BuildVerb.main of <colcon_core.verb.build.BuildVerb object at 0xffff88894760>>, mixin_verb=('build',))
[0.693s] Level 1:colcon.colcon_core.package_discovery:discover_packages(colcon_meta) check parameters
[0.693s] Level 1:colcon.colcon_core.package_discovery:discover_packages(recursive) check parameters
[0.694s] Level 1:colcon.colcon_core.package_discovery:discover_packages(ignore) check parameters
[0.694s] Level 1:colcon.colcon_core.package_discovery:discover_packages(path) check parameters
[0.694s] Level 1:colcon.colcon_core.package_discovery:discover_packages(colcon_meta) discover
[0.694s] Level 1:colcon.colcon_core.package_discovery:discover_packages(recursive) discover
[0.694s] INFO:colcon.colcon_core.package_discovery:Crawling recursively for packages in '/home/nvidia/f1tenth_ws/src/sensors_bringup'
[0.694s] Level 1:colcon.colcon_core.package_identification:_identify(.) by extensions ['ignore', 'ignore_ament_install']
[0.695s] Level 1:colcon.colcon_core.package_identification:_identify(.) by extension 'ignore'
[0.695s] Level 1:colcon.colcon_core.package_identification:_identify(.) by extension 'ignore_ament_install'
[0.695s] Level 1:colcon.colcon_core.package_identification:_identify(.) by extensions ['colcon_pkg']
[0.695s] Level 1:colcon.colcon_core.package_identification:_identify(.) by extension 'colcon_pkg'
[0.695s] Level 1:colcon.colcon_core.package_identification:_identify(.) by extensions ['colcon_meta']
[0.695s] Level 1:colcon.colcon_core.package_identification:_identify(.) by extension 'colcon_meta'
[0.695s] Level 1:colcon.colcon_core.package_identification:_identify(.) by extensions ['ros']
[0.695s] Level 1:colcon.colcon_core.package_identification:_identify(.) by extension 'ros'
[0.726s] DEBUG:colcon.colcon_core.package_identification:Package '.' with type 'ros.ament_cmake' and name 'sensors_bringup'
[0.726s] Level 1:colcon.colcon_core.package_discovery:discover_packages(recursive) using defaults
[0.726s] Level 1:colcon.colcon_core.package_discovery:discover_packages(ignore) discover
[0.726s] Level 1:colcon.colcon_core.package_discovery:discover_packages(ignore) using defaults
[0.726s] Level 1:colcon.colcon_core.package_discovery:discover_packages(path) discover
[0.726s] Level 1:colcon.colcon_core.package_discovery:discover_packages(path) using defaults
[0.803s] Level 1:colcon.colcon_core.package_discovery:discover_packages(prefix_path) check parameters
[0.803s] Level 1:colcon.colcon_core.package_discovery:discover_packages(prefix_path) discover
[0.810s] DEBUG:colcon.colcon_installed_package_information.package_discovery:Found 17 installed packages in /home/nvidia/f1tenth_ws/install
[0.811s] DEBUG:colcon.colcon_installed_package_information.package_discovery:Found 1 installed packages in /home/nvidia/f1tenth_ws/src/sensors_bringup/install
[0.814s] DEBUG:colcon.colcon_installed_package_information.package_discovery:Found 372 installed packages in /opt/ros/humble
[0.818s] Level 1:colcon.colcon_core.package_discovery:discover_packages(prefix_path) using defaults
[0.933s] Level 5:colcon.colcon_core.verb:set package 'sensors_bringup' build argument 'cmake_args' from command line to 'None'
[0.933s] Level 5:colcon.colcon_core.verb:set package 'sensors_bringup' build argument 'cmake_target' from command line to 'None'
[0.933s] Level 5:colcon.colcon_core.verb:set package 'sensors_bringup' build argument 'cmake_target_skip_unavailable' from command line to 'False'
[0.933s] Level 5:colcon.colcon_core.verb:set package 'sensors_bringup' build argument 'cmake_clean_cache' from command line to 'False'
[0.933s] Level 5:colcon.colcon_core.verb:set package 'sensors_bringup' build argument 'cmake_clean_first' from command line to 'False'
[0.933s] Level 5:colcon.colcon_core.verb:set package 'sensors_bringup' build argument 'cmake_force_configure' from command line to 'False'
[0.933s] Level 5:colcon.colcon_core.verb:set package 'sensors_bringup' build argument 'ament_cmake_args' from command line to 'None'
[0.934s] Level 5:colcon.colcon_core.verb:set package 'sensors_bringup' build argument 'catkin_cmake_args' from command line to 'None'
[0.934s] Level 5:colcon.colcon_core.verb:set package 'sensors_bringup' build argument 'catkin_skip_building_tests' from command line to 'False'
[0.934s] DEBUG:colcon.colcon_core.verb:Building package 'sensors_bringup' with the following arguments: {'ament_cmake_args': None, 'build_base': '/home/nvidia/f1tenth_ws/src/sensors_bringup/build/sensors_bringup', 'catkin_cmake_args': None, 'catkin_skip_building_tests': False, 'cmake_args': None, 'cmake_clean_cache': False, 'cmake_clean_first': False, 'cmake_force_configure': False, 'cmake_target': None, 'cmake_target_skip_unavailable': False, 'install_base': '/home/nvidia/f1tenth_ws/src/sensors_bringup/install/sensors_bringup', 'merge_install': False, 'path': '/home/nvidia/f1tenth_ws/src/sensors_bringup', 'symlink_install': False, 'test_result_base': None}
[0.934s] INFO:colcon.colcon_core.executor:Executing jobs using 'parallel' executor
[0.937s] DEBUG:colcon.colcon_parallel_executor.executor.parallel:run_until_complete
[0.938s] INFO:colcon.colcon_ros.task.ament_cmake.build:Building ROS package in '/home/nvidia/f1tenth_ws/src/sensors_bringup' with build type 'ament_cmake'
[0.938s] INFO:colcon.colcon_cmake.task.cmake.build:Building CMake package in '/home/nvidia/f1tenth_ws/src/sensors_bringup'
[0.943s] INFO:colcon.colcon_core.plugin_system:Skipping extension 'colcon_core.shell.bat': Not used on non-Windows systems
[0.943s] INFO:colcon.colcon_core.shell:Skip shell extension 'powershell' for command environment: Not usable outside of PowerShell
[0.943s] DEBUG:colcon.colcon_core.shell:Skip shell extension 'dsv' for command environment
[0.964s] DEBUG:colcon.colcon_core.event_handler.log_command:Invoking command in '/home/nvidia/f1tenth_ws/src/sensors_bringup/build/sensors_bringup': CMAKE_PREFIX_PATH=${CMAKE_PREFIX_PATH}:/home/nvidia/f1tenth_ws/install/f1tenth_stack:/home/nvidia/f1tenth_ws/install/joy_teleop:/home/nvidia/f1tenth_ws/install/particle_filter:/home/nvidia/f1tenth_ws/install/mouse_teleop:/home/nvidia/f1tenth_ws/install/key_teleop:/opt/ros/humble /usr/bin/cmake --build /home/nvidia/f1tenth_ws/src/sensors_bringup/build/sensors_bringup -- -j6 -l6
[1.050s] DEBUG:colcon.colcon_core.event_handler.log_command:Invoked command in '/home/nvidia/f1tenth_ws/src/sensors_bringup/build/sensors_bringup' returned '0': CMAKE_PREFIX_PATH=${CMAKE_PREFIX_PATH}:/home/nvidia/f1tenth_ws/install/f1tenth_stack:/home/nvidia/f1tenth_ws/install/joy_teleop:/home/nvidia/f1tenth_ws/install/particle_filter:/home/nvidia/f1tenth_ws/install/mouse_teleop:/home/nvidia/f1tenth_ws/install/key_teleop:/opt/ros/humble /usr/bin/cmake --build /home/nvidia/f1tenth_ws/src/sensors_bringup/build/sensors_bringup -- -j6 -l6
[1.077s] DEBUG:colcon.colcon_core.event_handler.log_command:Invoking command in '/home/nvidia/f1tenth_ws/src/sensors_bringup/build/sensors_bringup': CMAKE_PREFIX_PATH=${CMAKE_PREFIX_PATH}:/home/nvidia/f1tenth_ws/install/f1tenth_stack:/home/nvidia/f1tenth_ws/install/joy_teleop:/home/nvidia/f1tenth_ws/install/particle_filter:/home/nvidia/f1tenth_ws/install/mouse_teleop:/home/nvidia/f1tenth_ws/install/key_teleop:/opt/ros/humble /usr/bin/cmake --install /home/nvidia/f1tenth_ws/src/sensors_bringup/build/sensors_bringup
[1.100s] Level 1:colcon.colcon_core.environment:create_environment_scripts_only(sensors_bringup)
[1.103s] DEBUG:colcon.colcon_core.event_handler.log_command:Invoked command in '/home/nvidia/f1tenth_ws/src/sensors_bringup/build/sensors_bringup' returned '0': CMAKE_PREFIX_PATH=${CMAKE_PREFIX_PATH}:/home/nvidia/f1tenth_ws/install/f1tenth_stack:/home/nvidia/f1tenth_ws/install/joy_teleop:/home/nvidia/f1tenth_ws/install/particle_filter:/home/nvidia/f1tenth_ws/install/mouse_teleop:/home/nvidia/f1tenth_ws/install/key_teleop:/opt/ros/humble /usr/bin/cmake --install /home/nvidia/f1tenth_ws/src/sensors_bringup/build/sensors_bringup
[1.111s] Level 1:colcon.colcon_core.environment:checking '/home/nvidia/f1tenth_ws/src/sensors_bringup/install/sensors_bringup' for CMake module files
[1.113s] Level 1:colcon.colcon_core.environment:checking '/home/nvidia/f1tenth_ws/src/sensors_bringup/install/sensors_bringup' for CMake config files
[1.114s] Level 1:colcon.colcon_core.shell:create_environment_hook('sensors_bringup', 'cmake_prefix_path')
[1.115s] INFO:colcon.colcon_core.shell:Creating environment hook '/home/nvidia/f1tenth_ws/src/sensors_bringup/install/sensors_bringup/share/sensors_bringup/hook/cmake_prefix_path.ps1'
[1.117s] INFO:colcon.colcon_core.shell:Creating environment descriptor '/home/nvidia/f1tenth_ws/src/sensors_bringup/install/sensors_bringup/share/sensors_bringup/hook/cmake_prefix_path.dsv'
[1.119s] INFO:colcon.colcon_core.shell:Creating environment hook '/home/nvidia/f1tenth_ws/src/sensors_bringup/install/sensors_bringup/share/sensors_bringup/hook/cmake_prefix_path.sh'
[1.122s] Level 1:colcon.colcon_core.environment:checking '/home/nvidia/f1tenth_ws/src/sensors_bringup/install/sensors_bringup/bin'
[1.122s] Level 1:colcon.colcon_core.environment:checking '/home/nvidia/f1tenth_ws/src/sensors_bringup/install/sensors_bringup/lib/pkgconfig/sensors_bringup.pc'
[1.123s] Level 1:colcon.colcon_core.environment:checking '/home/nvidia/f1tenth_ws/src/sensors_bringup/install/sensors_bringup/lib/python3.10/site-packages'
[1.124s] Level 1:colcon.colcon_core.environment:checking '/home/nvidia/f1tenth_ws/src/sensors_bringup/install/sensors_bringup/bin'
[1.126s] INFO:colcon.colcon_core.shell:Creating package script '/home/nvidia/f1tenth_ws/src/sensors_bringup/install/sensors_bringup/share/sensors_bringup/package.ps1'
[1.129s] INFO:colcon.colcon_core.shell:Creating package descriptor '/home/nvidia/f1tenth_ws/src/sensors_bringup/install/sensors_bringup/share/sensors_bringup/package.dsv'
[1.131s] INFO:colcon.colcon_core.shell:Creating package script '/home/nvidia/f1tenth_ws/src/sensors_bringup/install/sensors_bringup/share/sensors_bringup/package.sh'
[1.134s] INFO:colcon.colcon_core.shell:Creating package script '/home/nvidia/f1tenth_ws/src/sensors_bringup/install/sensors_bringup/share/sensors_bringup/package.bash'
[1.137s] INFO:colcon.colcon_core.shell:Creating package script '/home/nvidia/f1tenth_ws/src/sensors_bringup/install/sensors_bringup/share/sensors_bringup/package.zsh'
[1.139s] Level 1:colcon.colcon_core.environment:create_file_with_runtime_dependencies(/home/nvidia/f1tenth_ws/src/sensors_bringup/install/sensors_bringup/share/colcon-core/packages/sensors_bringup)
[1.141s] Level 1:colcon.colcon_core.environment:create_environment_scripts_only(sensors_bringup)
[1.142s] Level 1:colcon.colcon_core.environment:checking '/home/nvidia/f1tenth_ws/src/sensors_bringup/install/sensors_bringup' for CMake module files
[1.143s] Level 1:colcon.colcon_core.environment:checking '/home/nvidia/f1tenth_ws/src/sensors_bringup/install/sensors_bringup' for CMake config files
[1.144s] Level 1:colcon.colcon_core.shell:create_environment_hook('sensors_bringup', 'cmake_prefix_path')
[1.145s] INFO:colcon.colcon_core.shell:Creating environment hook '/home/nvidia/f1tenth_ws/src/sensors_bringup/install/sensors_bringup/share/sensors_bringup/hook/cmake_prefix_path.ps1'
[1.146s] INFO:colcon.colcon_core.shell:Creating environment descriptor '/home/nvidia/f1tenth_ws/src/sensors_bringup/install/sensors_bringup/share/sensors_bringup/hook/cmake_prefix_path.dsv'
[1.148s] INFO:colcon.colcon_core.shell:Creating environment hook '/home/nvidia/f1tenth_ws/src/sensors_bringup/install/sensors_bringup/share/sensors_bringup/hook/cmake_prefix_path.sh'
[1.150s] Level 1:colcon.colcon_core.environment:checking '/home/nvidia/f1tenth_ws/src/sensors_bringup/install/sensors_bringup/bin'
[1.150s] Level 1:colcon.colcon_core.environment:checking '/home/nvidia/f1tenth_ws/src/sensors_bringup/install/sensors_bringup/lib/pkgconfig/sensors_bringup.pc'
[1.151s] Level 1:colcon.colcon_core.environment:checking '/home/nvidia/f1tenth_ws/src/sensors_bringup/install/sensors_bringup/lib/python3.10/site-packages'
[1.152s] Level 1:colcon.colcon_core.environment:checking '/home/nvidia/f1tenth_ws/src/sensors_bringup/install/sensors_bringup/bin'
[1.154s] INFO:colcon.colcon_core.shell:Creating package script '/home/nvidia/f1tenth_ws/src/sensors_bringup/install/sensors_bringup/share/sensors_bringup/package.ps1'
[1.155s] INFO:colcon.colcon_core.shell:Creating package descriptor '/home/nvidia/f1tenth_ws/src/sensors_bringup/install/sensors_bringup/share/sensors_bringup/package.dsv'
[1.157s] INFO:colcon.colcon_core.shell:Creating package script '/home/nvidia/f1tenth_ws/src/sensors_bringup/install/sensors_bringup/share/sensors_bringup/package.sh'
[1.159s] INFO:colcon.colcon_core.shell:Creating package script '/home/nvidia/f1tenth_ws/src/sensors_bringup/install/sensors_bringup/share/sensors_bringup/package.bash'
[1.160s] INFO:colcon.colcon_core.shell:Creating package script '/home/nvidia/f1tenth_ws/src/sensors_bringup/install/sensors_bringup/share/sensors_bringup/package.zsh'
[1.161s] Level 1:colcon.colcon_core.environment:create_file_with_runtime_dependencies(/home/nvidia/f1tenth_ws/src/sensors_bringup/install/sensors_bringup/share/colcon-core/packages/sensors_bringup)
[1.162s] DEBUG:colcon.colcon_parallel_executor.executor.parallel:closing loop
[1.163s] DEBUG:colcon.colcon_parallel_executor.executor.parallel:loop closed
[1.164s] DEBUG:colcon.colcon_parallel_executor.executor.parallel:run_until_complete finished with '0'
[1.164s] DEBUG:colcon.colcon_core.event_reactor:joining thread
[1.183s] INFO:colcon.colcon_core.plugin_system:Skipping extension 'colcon_notification.desktop_notification.terminal_notifier': Not used on non-Darwin systems
[1.184s] INFO:colcon.colcon_core.plugin_system:Skipping extension 'colcon_notification.desktop_notification.win32': Not used on non-Windows systems
[1.184s] INFO:colcon.colcon_notification.desktop_notification:Sending desktop notification using 'notify2'
[1.229s] DEBUG:colcon.colcon_core.event_reactor:joined thread
[1.231s] INFO:colcon.colcon_core.shell:Creating prefix script '/home/nvidia/f1tenth_ws/src/sensors_bringup/install/local_setup.ps1'
[1.234s] INFO:colcon.colcon_core.shell:Creating prefix util module '/home/nvidia/f1tenth_ws/src/sensors_bringup/install/_local_setup_util_ps1.py'
[1.240s] INFO:colcon.colcon_core.shell:Creating prefix chain script '/home/nvidia/f1tenth_ws/src/sensors_bringup/install/setup.ps1'
[1.246s] INFO:colcon.colcon_core.shell:Creating prefix script '/home/nvidia/f1tenth_ws/src/sensors_bringup/install/local_setup.sh'
[1.249s] INFO:colcon.colcon_core.shell:Creating prefix util module '/home/nvidia/f1tenth_ws/src/sensors_bringup/install/_local_setup_util_sh.py'
[1.251s] INFO:colcon.colcon_core.shell:Creating prefix chain script '/home/nvidia/f1tenth_ws/src/sensors_bringup/install/setup.sh'
[1.258s] INFO:colcon.colcon_core.shell:Creating prefix script '/home/nvidia/f1tenth_ws/src/sensors_bringup/install/local_setup.bash'
[1.260s] INFO:colcon.colcon_core.shell:Creating prefix chain script '/home/nvidia/f1tenth_ws/src/sensors_bringup/install/setup.bash'
[1.266s] INFO:colcon.colcon_core.shell:Creating prefix script '/home/nvidia/f1tenth_ws/src/sensors_bringup/install/local_setup.zsh'
[1.267s] INFO:colcon.colcon_core.shell:Creating prefix chain script '/home/nvidia/f1tenth_ws/src/sensors_bringup/install/setup.zsh'
