[0.023s] Invoking command in '/home/nvidia/f1tenth_ws/src/sensors_bringup/build/sensors_bringup': CMAKE_PREFIX_PATH=/opt/ros/humble /usr/bin/cmake /home/nvidia/f1tenth_ws/src/sensors_bringup -DCMAKE_INSTALL_PREFIX=/home/nvidia/f1tenth_ws/src/sensors_bringup/install/sensors_bringup
[0.213s] -- The C compiler identification is GNU 11.4.0
[0.381s] -- The CXX compiler identification is GNU 11.4.0
[0.406s] -- Detecting C compiler ABI info
[0.560s] -- Detecting C compiler ABI info - done
[0.585s] -- Check for working C compiler: /usr/bin/cc - skipped
[0.586s] -- Detecting C compile features
[0.588s] -- Detecting C compile features - done
[0.600s] -- Detecting CXX compiler ABI info
[0.769s] -- Detecting CXX compiler ABI info - done
[0.795s] -- Check for working CXX compiler: /usr/bin/c++ - skipped
[0.796s] -- Detecting CXX compile features
[0.797s] -- Detecting CXX compile features - done
[0.806s] -- Found ament_cmake: 1.3.13 (/opt/ros/humble/share/ament_cmake/cmake)
[1.143s] -- Found Python3: /usr/bin/python3 (found version "3.10.12") found components: Interpreter 
[1.376s] -- Found ament_lint_auto: 0.12.15 (/opt/ros/humble/share/ament_lint_auto/cmake)
[1.593s] -- Added test 'cppcheck' to perform static code analysis on C / C++ code
[1.594s] -- Configured cppcheck include dirs: 
[1.594s] -- Configured cppcheck exclude dirs and/or files: 
[1.596s] -- Added test 'flake8' to check Python code syntax and style conventions
[1.602s] -- Added test 'lint_cmake' to check CMake code style
[1.605s] -- Added test 'pep257' to check Python code against some of the docstring style conventions in PEP 257
[1.620s] -- Added test 'uncrustify' to check C / C++ code style
[1.621s] -- Configured uncrustify additional arguments: 
[1.623s] -- Added test 'xmllint' to check XML markup files
[1.628s] -- Configuring done
[1.637s] -- Generating done
[1.642s] -- Build files have been written to: /home/nvidia/f1tenth_ws/src/sensors_bringup/build/sensors_bringup
[1.653s] Invoked command in '/home/nvidia/f1tenth_ws/src/sensors_bringup/build/sensors_bringup' returned '0': CMAKE_PREFIX_PATH=/opt/ros/humble /usr/bin/cmake /home/nvidia/f1tenth_ws/src/sensors_bringup -DCMAKE_INSTALL_PREFIX=/home/nvidia/f1tenth_ws/src/sensors_bringup/install/sensors_bringup
[1.659s] Invoking command in '/home/nvidia/f1tenth_ws/src/sensors_bringup/build/sensors_bringup': CMAKE_PREFIX_PATH=/opt/ros/humble /usr/bin/cmake --build /home/nvidia/f1tenth_ws/src/sensors_bringup/build/sensors_bringup -- -j6 -l6
[1.737s] Invoked command in '/home/nvidia/f1tenth_ws/src/sensors_bringup/build/sensors_bringup' returned '0': CMAKE_PREFIX_PATH=/opt/ros/humble /usr/bin/cmake --build /home/nvidia/f1tenth_ws/src/sensors_bringup/build/sensors_bringup -- -j6 -l6
[1.760s] Invoking command in '/home/nvidia/f1tenth_ws/src/sensors_bringup/build/sensors_bringup': CMAKE_PREFIX_PATH=/opt/ros/humble /usr/bin/cmake --install /home/nvidia/f1tenth_ws/src/sensors_bringup/build/sensors_bringup
[1.777s] -- Install configuration: ""
[1.777s] -- Installing: /home/nvidia/f1tenth_ws/src/sensors_bringup/install/sensors_bringup/share/sensors_bringup/config
[1.778s] -- Installing: /home/nvidia/f1tenth_ws/src/sensors_bringup/install/sensors_bringup/share/sensors_bringup/config/ekf.yaml
[1.778s] -- Installing: /home/nvidia/f1tenth_ws/src/sensors_bringup/install/sensors_bringup/share/sensors_bringup/launch
[1.778s] -- Installing: /home/nvidia/f1tenth_ws/src/sensors_bringup/install/sensors_bringup/share/sensors_bringup/launch/Sensors bringup.launch.py
[1.778s] -- Installing: /home/nvidia/f1tenth_ws/src/sensors_bringup/install/sensors_bringup/share/ament_index/resource_index/package_run_dependencies/sensors_bringup
[1.778s] -- Installing: /home/nvidia/f1tenth_ws/src/sensors_bringup/install/sensors_bringup/share/ament_index/resource_index/parent_prefix_path/sensors_bringup
[1.779s] -- Installing: /home/nvidia/f1tenth_ws/src/sensors_bringup/install/sensors_bringup/share/sensors_bringup/environment/ament_prefix_path.sh
[1.779s] -- Installing: /home/nvidia/f1tenth_ws/src/sensors_bringup/install/sensors_bringup/share/sensors_bringup/environment/ament_prefix_path.dsv
[1.779s] -- Installing: /home/nvidia/f1tenth_ws/src/sensors_bringup/install/sensors_bringup/share/sensors_bringup/environment/path.sh
[1.780s] -- Installing: /home/nvidia/f1tenth_ws/src/sensors_bringup/install/sensors_bringup/share/sensors_bringup/environment/path.dsv
[1.780s] -- Installing: /home/nvidia/f1tenth_ws/src/sensors_bringup/install/sensors_bringup/share/sensors_bringup/local_setup.bash
[1.780s] -- Installing: /home/nvidia/f1tenth_ws/src/sensors_bringup/install/sensors_bringup/share/sensors_bringup/local_setup.sh
[1.781s] -- Installing: /home/nvidia/f1tenth_ws/src/sensors_bringup/install/sensors_bringup/share/sensors_bringup/local_setup.zsh
[1.781s] -- Installing: /home/nvidia/f1tenth_ws/src/sensors_bringup/install/sensors_bringup/share/sensors_bringup/local_setup.dsv
[1.781s] -- Installing: /home/nvidia/f1tenth_ws/src/sensors_bringup/install/sensors_bringup/share/sensors_bringup/package.dsv
[1.781s] -- Installing: /home/nvidia/f1tenth_ws/src/sensors_bringup/install/sensors_bringup/share/ament_index/resource_index/packages/sensors_bringup
[1.782s] -- Installing: /home/nvidia/f1tenth_ws/src/sensors_bringup/install/sensors_bringup/share/sensors_bringup/cmake/sensors_bringupConfig.cmake
[1.782s] -- Installing: /home/nvidia/f1tenth_ws/src/sensors_bringup/install/sensors_bringup/share/sensors_bringup/cmake/sensors_bringupConfig-version.cmake
[1.782s] -- Installing: /home/nvidia/f1tenth_ws/src/sensors_bringup/install/sensors_bringup/share/sensors_bringup/package.xml
[1.787s] Invoked command in '/home/nvidia/f1tenth_ws/src/sensors_bringup/build/sensors_bringup' returned '0': CMAKE_PREFIX_PATH=/opt/ros/humble /usr/bin/cmake --install /home/nvidia/f1tenth_ws/src/sensors_bringup/build/sensors_bringup
