[0.307s] DEBUG:colcon:Command line arguments: ['/usr/bin/colcon', 'build']
[0.307s] DEBUG:colcon:Parsed command line arguments: Namespace(log_base=None, log_level=None, verb_name='build', build_base='build', install_base='install', merge_install=False, symlink_install=False, test_result_base=None, continue_on_error=False, executor='parallel', parallel_workers=6, event_handlers=None, ignore_user_meta=False, metas=['./colcon.meta'], base_paths=['.'], packages_ignore=None, packages_ignore_regex=None, paths=None, packages_up_to=None, packages_up_to_regex=None, packages_above=None, packages_above_and_dependencies=None, packages_above_depth=None, packages_select_by_dep=None, packages_skip_by_dep=None, packages_skip_up_to=None, packages_select_build_failed=False, packages_skip_build_finished=False, packages_select_test_failures=False, packages_skip_test_passed=False, packages_select=None, packages_skip=None, packages_select_regex=None, packages_skip_regex=None, packages_start=None, packages_end=None, allow_overriding=[], cmake_args=None, cmake_target=None, cmake_target_skip_unavailable=False, cmake_clean_cache=False, cmake_clean_first=False, cmake_force_configure=False, ament_cmake_args=None, catkin_cmake_args=None, catkin_skip_building_tests=False, mixin_files=None, mixin=None, verb_parser=<colcon_mixin.mixin.mixin_argument.MixinArgumentDecorator object at 0xffffb3c65990>, verb_extension=<colcon_core.verb.build.BuildVerb object at 0xffffb3e2e950>, main=<bound method BuildVerb.main of <colcon_core.verb.build.BuildVerb object at 0xffffb3e2e950>>, mixin_verb=('build',))
[0.812s] Level 1:colcon.colcon_core.package_discovery:discover_packages(colcon_meta) check parameters
[0.813s] Level 1:colcon.colcon_core.package_discovery:discover_packages(recursive) check parameters
[0.813s] Level 1:colcon.colcon_core.package_discovery:discover_packages(ignore) check parameters
[0.813s] Level 1:colcon.colcon_core.package_discovery:discover_packages(path) check parameters
[0.813s] Level 1:colcon.colcon_core.package_discovery:discover_packages(colcon_meta) discover
[0.813s] Level 1:colcon.colcon_core.package_discovery:discover_packages(recursive) discover
[0.813s] INFO:colcon.colcon_core.package_discovery:Crawling recursively for packages in '/home/nvidia/f1tenth_ws/src/sensors_bringup'
[0.814s] Level 1:colcon.colcon_core.package_identification:_identify(.) by extensions ['ignore', 'ignore_ament_install']
[0.814s] Level 1:colcon.colcon_core.package_identification:_identify(.) by extension 'ignore'
[0.814s] Level 1:colcon.colcon_core.package_identification:_identify(.) by extension 'ignore_ament_install'
[0.814s] Level 1:colcon.colcon_core.package_identification:_identify(.) by extensions ['colcon_pkg']
[0.814s] Level 1:colcon.colcon_core.package_identification:_identify(.) by extension 'colcon_pkg'
[0.814s] Level 1:colcon.colcon_core.package_identification:_identify(.) by extensions ['colcon_meta']
[0.814s] Level 1:colcon.colcon_core.package_identification:_identify(.) by extension 'colcon_meta'
[0.815s] Level 1:colcon.colcon_core.package_identification:_identify(.) by extensions ['ros']
[0.815s] Level 1:colcon.colcon_core.package_identification:_identify(.) by extension 'ros'
[0.846s] DEBUG:colcon.colcon_core.package_identification:Package '.' with type 'ros.ament_cmake' and name 'sensors_bringup'
[0.846s] Level 1:colcon.colcon_core.package_discovery:discover_packages(recursive) using defaults
[0.846s] Level 1:colcon.colcon_core.package_discovery:discover_packages(ignore) discover
[0.846s] Level 1:colcon.colcon_core.package_discovery:discover_packages(ignore) using defaults
[0.847s] Level 1:colcon.colcon_core.package_discovery:discover_packages(path) discover
[0.847s] Level 1:colcon.colcon_core.package_discovery:discover_packages(path) using defaults
[0.931s] Level 1:colcon.colcon_core.package_discovery:discover_packages(prefix_path) check parameters
[0.931s] Level 1:colcon.colcon_core.package_discovery:discover_packages(prefix_path) discover
[0.938s] DEBUG:colcon.colcon_installed_package_information.package_discovery:Found 372 installed packages in /opt/ros/humble
[0.942s] Level 1:colcon.colcon_core.package_discovery:discover_packages(prefix_path) using defaults
[1.049s] Level 5:colcon.colcon_core.verb:set package 'sensors_bringup' build argument 'cmake_args' from command line to 'None'
[1.050s] Level 5:colcon.colcon_core.verb:set package 'sensors_bringup' build argument 'cmake_target' from command line to 'None'
[1.050s] Level 5:colcon.colcon_core.verb:set package 'sensors_bringup' build argument 'cmake_target_skip_unavailable' from command line to 'False'
[1.050s] Level 5:colcon.colcon_core.verb:set package 'sensors_bringup' build argument 'cmake_clean_cache' from command line to 'False'
[1.050s] Level 5:colcon.colcon_core.verb:set package 'sensors_bringup' build argument 'cmake_clean_first' from command line to 'False'
[1.050s] Level 5:colcon.colcon_core.verb:set package 'sensors_bringup' build argument 'cmake_force_configure' from command line to 'False'
[1.050s] Level 5:colcon.colcon_core.verb:set package 'sensors_bringup' build argument 'ament_cmake_args' from command line to 'None'
[1.050s] Level 5:colcon.colcon_core.verb:set package 'sensors_bringup' build argument 'catkin_cmake_args' from command line to 'None'
[1.050s] Level 5:colcon.colcon_core.verb:set package 'sensors_bringup' build argument 'catkin_skip_building_tests' from command line to 'False'
[1.050s] DEBUG:colcon.colcon_core.verb:Building package 'sensors_bringup' with the following arguments: {'ament_cmake_args': None, 'build_base': '/home/nvidia/f1tenth_ws/src/sensors_bringup/build/sensors_bringup', 'catkin_cmake_args': None, 'catkin_skip_building_tests': False, 'cmake_args': None, 'cmake_clean_cache': False, 'cmake_clean_first': False, 'cmake_force_configure': False, 'cmake_target': None, 'cmake_target_skip_unavailable': False, 'install_base': '/home/nvidia/f1tenth_ws/src/sensors_bringup/install/sensors_bringup', 'merge_install': False, 'path': '/home/nvidia/f1tenth_ws/src/sensors_bringup', 'symlink_install': False, 'test_result_base': None}
[1.050s] INFO:colcon.colcon_core.executor:Executing jobs using 'parallel' executor
[1.054s] DEBUG:colcon.colcon_parallel_executor.executor.parallel:run_until_complete
[1.054s] INFO:colcon.colcon_ros.task.ament_cmake.build:Building ROS package in '/home/nvidia/f1tenth_ws/src/sensors_bringup' with build type 'ament_cmake'
[1.054s] INFO:colcon.colcon_cmake.task.cmake.build:Building CMake package in '/home/nvidia/f1tenth_ws/src/sensors_bringup'
[1.063s] INFO:colcon.colcon_core.plugin_system:Skipping extension 'colcon_core.shell.bat': Not used on non-Windows systems
[1.063s] INFO:colcon.colcon_core.shell:Skip shell extension 'powershell' for command environment: Not usable outside of PowerShell
[1.063s] DEBUG:colcon.colcon_core.shell:Skip shell extension 'dsv' for command environment
[1.077s] DEBUG:colcon.colcon_core.event_handler.log_command:Invoking command in '/home/nvidia/f1tenth_ws/src/sensors_bringup/build/sensors_bringup': CMAKE_PREFIX_PATH=/opt/ros/humble /usr/bin/cmake /home/nvidia/f1tenth_ws/src/sensors_bringup -DCMAKE_INSTALL_PREFIX=/home/nvidia/f1tenth_ws/src/sensors_bringup/install/sensors_bringup
[2.708s] DEBUG:colcon.colcon_core.event_handler.log_command:Invoked command in '/home/nvidia/f1tenth_ws/src/sensors_bringup/build/sensors_bringup' returned '0': CMAKE_PREFIX_PATH=/opt/ros/humble /usr/bin/cmake /home/nvidia/f1tenth_ws/src/sensors_bringup -DCMAKE_INSTALL_PREFIX=/home/nvidia/f1tenth_ws/src/sensors_bringup/install/sensors_bringup
[2.713s] DEBUG:colcon.colcon_core.event_handler.log_command:Invoking command in '/home/nvidia/f1tenth_ws/src/sensors_bringup/build/sensors_bringup': CMAKE_PREFIX_PATH=/opt/ros/humble /usr/bin/cmake --build /home/nvidia/f1tenth_ws/src/sensors_bringup/build/sensors_bringup -- -j6 -l6
[2.792s] DEBUG:colcon.colcon_core.event_handler.log_command:Invoked command in '/home/nvidia/f1tenth_ws/src/sensors_bringup/build/sensors_bringup' returned '0': CMAKE_PREFIX_PATH=/opt/ros/humble /usr/bin/cmake --build /home/nvidia/f1tenth_ws/src/sensors_bringup/build/sensors_bringup -- -j6 -l6
[2.814s] DEBUG:colcon.colcon_core.event_handler.log_command:Invoking command in '/home/nvidia/f1tenth_ws/src/sensors_bringup/build/sensors_bringup': CMAKE_PREFIX_PATH=/opt/ros/humble /usr/bin/cmake --install /home/nvidia/f1tenth_ws/src/sensors_bringup/build/sensors_bringup
[2.841s] Level 1:colcon.colcon_core.environment:create_environment_scripts_only(sensors_bringup)
[2.842s] DEBUG:colcon.colcon_core.event_handler.log_command:Invoked command in '/home/nvidia/f1tenth_ws/src/sensors_bringup/build/sensors_bringup' returned '0': CMAKE_PREFIX_PATH=/opt/ros/humble /usr/bin/cmake --install /home/nvidia/f1tenth_ws/src/sensors_bringup/build/sensors_bringup
[2.853s] Level 1:colcon.colcon_core.environment:checking '/home/nvidia/f1tenth_ws/src/sensors_bringup/install/sensors_bringup' for CMake module files
[2.854s] Level 1:colcon.colcon_core.environment:checking '/home/nvidia/f1tenth_ws/src/sensors_bringup/install/sensors_bringup' for CMake config files
[2.855s] Level 1:colcon.colcon_core.shell:create_environment_hook('sensors_bringup', 'cmake_prefix_path')
[2.855s] INFO:colcon.colcon_core.shell:Creating environment hook '/home/nvidia/f1tenth_ws/src/sensors_bringup/install/sensors_bringup/share/sensors_bringup/hook/cmake_prefix_path.ps1'
[2.858s] INFO:colcon.colcon_core.shell:Creating environment descriptor '/home/nvidia/f1tenth_ws/src/sensors_bringup/install/sensors_bringup/share/sensors_bringup/hook/cmake_prefix_path.dsv'
[2.860s] INFO:colcon.colcon_core.shell:Creating environment hook '/home/nvidia/f1tenth_ws/src/sensors_bringup/install/sensors_bringup/share/sensors_bringup/hook/cmake_prefix_path.sh'
[2.862s] Level 1:colcon.colcon_core.environment:checking '/home/nvidia/f1tenth_ws/src/sensors_bringup/install/sensors_bringup/bin'
[2.862s] Level 1:colcon.colcon_core.environment:checking '/home/nvidia/f1tenth_ws/src/sensors_bringup/install/sensors_bringup/lib/pkgconfig/sensors_bringup.pc'
[2.863s] Level 1:colcon.colcon_core.environment:checking '/home/nvidia/f1tenth_ws/src/sensors_bringup/install/sensors_bringup/lib/python3.10/site-packages'
[2.863s] Level 1:colcon.colcon_core.environment:checking '/home/nvidia/f1tenth_ws/src/sensors_bringup/install/sensors_bringup/bin'
[2.864s] INFO:colcon.colcon_core.shell:Creating package script '/home/nvidia/f1tenth_ws/src/sensors_bringup/install/sensors_bringup/share/sensors_bringup/package.ps1'
[2.866s] INFO:colcon.colcon_core.shell:Creating package descriptor '/home/nvidia/f1tenth_ws/src/sensors_bringup/install/sensors_bringup/share/sensors_bringup/package.dsv'
[2.868s] INFO:colcon.colcon_core.shell:Creating package script '/home/nvidia/f1tenth_ws/src/sensors_bringup/install/sensors_bringup/share/sensors_bringup/package.sh'
[2.869s] INFO:colcon.colcon_core.shell:Creating package script '/home/nvidia/f1tenth_ws/src/sensors_bringup/install/sensors_bringup/share/sensors_bringup/package.bash'
[2.872s] INFO:colcon.colcon_core.shell:Creating package script '/home/nvidia/f1tenth_ws/src/sensors_bringup/install/sensors_bringup/share/sensors_bringup/package.zsh'
[2.873s] Level 1:colcon.colcon_core.environment:create_file_with_runtime_dependencies(/home/nvidia/f1tenth_ws/src/sensors_bringup/install/sensors_bringup/share/colcon-core/packages/sensors_bringup)
[2.875s] Level 1:colcon.colcon_core.environment:create_environment_scripts_only(sensors_bringup)
[2.875s] Level 1:colcon.colcon_core.environment:checking '/home/nvidia/f1tenth_ws/src/sensors_bringup/install/sensors_bringup' for CMake module files
[2.877s] Level 1:colcon.colcon_core.environment:checking '/home/nvidia/f1tenth_ws/src/sensors_bringup/install/sensors_bringup' for CMake config files
[2.877s] Level 1:colcon.colcon_core.shell:create_environment_hook('sensors_bringup', 'cmake_prefix_path')
[2.878s] INFO:colcon.colcon_core.shell:Creating environment hook '/home/nvidia/f1tenth_ws/src/sensors_bringup/install/sensors_bringup/share/sensors_bringup/hook/cmake_prefix_path.ps1'
[2.880s] INFO:colcon.colcon_core.shell:Creating environment descriptor '/home/nvidia/f1tenth_ws/src/sensors_bringup/install/sensors_bringup/share/sensors_bringup/hook/cmake_prefix_path.dsv'
[2.881s] INFO:colcon.colcon_core.shell:Creating environment hook '/home/nvidia/f1tenth_ws/src/sensors_bringup/install/sensors_bringup/share/sensors_bringup/hook/cmake_prefix_path.sh'
[2.883s] Level 1:colcon.colcon_core.environment:checking '/home/nvidia/f1tenth_ws/src/sensors_bringup/install/sensors_bringup/bin'
[2.883s] Level 1:colcon.colcon_core.environment:checking '/home/nvidia/f1tenth_ws/src/sensors_bringup/install/sensors_bringup/lib/pkgconfig/sensors_bringup.pc'
[2.884s] Level 1:colcon.colcon_core.environment:checking '/home/nvidia/f1tenth_ws/src/sensors_bringup/install/sensors_bringup/lib/python3.10/site-packages'
[2.885s] Level 1:colcon.colcon_core.environment:checking '/home/nvidia/f1tenth_ws/src/sensors_bringup/install/sensors_bringup/bin'
[2.886s] INFO:colcon.colcon_core.shell:Creating package script '/home/nvidia/f1tenth_ws/src/sensors_bringup/install/sensors_bringup/share/sensors_bringup/package.ps1'
[2.887s] INFO:colcon.colcon_core.shell:Creating package descriptor '/home/nvidia/f1tenth_ws/src/sensors_bringup/install/sensors_bringup/share/sensors_bringup/package.dsv'
[2.889s] INFO:colcon.colcon_core.shell:Creating package script '/home/nvidia/f1tenth_ws/src/sensors_bringup/install/sensors_bringup/share/sensors_bringup/package.sh'
[2.890s] INFO:colcon.colcon_core.shell:Creating package script '/home/nvidia/f1tenth_ws/src/sensors_bringup/install/sensors_bringup/share/sensors_bringup/package.bash'
[2.892s] INFO:colcon.colcon_core.shell:Creating package script '/home/nvidia/f1tenth_ws/src/sensors_bringup/install/sensors_bringup/share/sensors_bringup/package.zsh'
[2.893s] Level 1:colcon.colcon_core.environment:create_file_with_runtime_dependencies(/home/nvidia/f1tenth_ws/src/sensors_bringup/install/sensors_bringup/share/colcon-core/packages/sensors_bringup)
[2.893s] DEBUG:colcon.colcon_parallel_executor.executor.parallel:closing loop
[2.894s] DEBUG:colcon.colcon_parallel_executor.executor.parallel:loop closed
[2.895s] DEBUG:colcon.colcon_parallel_executor.executor.parallel:run_until_complete finished with '0'
[2.895s] DEBUG:colcon.colcon_core.event_reactor:joining thread
[2.915s] INFO:colcon.colcon_core.plugin_system:Skipping extension 'colcon_notification.desktop_notification.terminal_notifier': Not used on non-Darwin systems
[2.915s] INFO:colcon.colcon_core.plugin_system:Skipping extension 'colcon_notification.desktop_notification.win32': Not used on non-Windows systems
[2.916s] INFO:colcon.colcon_notification.desktop_notification:Sending desktop notification using 'notify2'
[2.989s] DEBUG:colcon.colcon_core.event_reactor:joined thread
[2.990s] INFO:colcon.colcon_core.shell:Creating prefix script '/home/nvidia/f1tenth_ws/src/sensors_bringup/install/local_setup.ps1'
[2.993s] INFO:colcon.colcon_core.shell:Creating prefix util module '/home/nvidia/f1tenth_ws/src/sensors_bringup/install/_local_setup_util_ps1.py'
[2.997s] INFO:colcon.colcon_core.shell:Creating prefix chain script '/home/nvidia/f1tenth_ws/src/sensors_bringup/install/setup.ps1'
[2.999s] INFO:colcon.colcon_core.shell:Creating prefix script '/home/nvidia/f1tenth_ws/src/sensors_bringup/install/local_setup.sh'
[3.000s] INFO:colcon.colcon_core.shell:Creating prefix util module '/home/nvidia/f1tenth_ws/src/sensors_bringup/install/_local_setup_util_sh.py'
[3.002s] INFO:colcon.colcon_core.shell:Creating prefix chain script '/home/nvidia/f1tenth_ws/src/sensors_bringup/install/setup.sh'
[3.004s] INFO:colcon.colcon_core.shell:Creating prefix script '/home/nvidia/f1tenth_ws/src/sensors_bringup/install/local_setup.bash'
[3.005s] INFO:colcon.colcon_core.shell:Creating prefix chain script '/home/nvidia/f1tenth_ws/src/sensors_bringup/install/setup.bash'
[3.008s] INFO:colcon.colcon_core.shell:Creating prefix script '/home/nvidia/f1tenth_ws/src/sensors_bringup/install/local_setup.zsh'
[3.010s] INFO:colcon.colcon_core.shell:Creating prefix chain script '/home/nvidia/f1tenth_ws/src/sensors_bringup/install/setup.zsh'
